╭──────────────────────────────────────────────────────────────────────────────────────────────────────────╮
│ Object Changes                                                                                           │
├──────────────────────────────────────────────────────────────────────────────────────────────────────────┤
│ Created Objects:                                                                                         │
│  ┌──                                                                                                     │
│  │ ObjectID: 0x1dd804d0a70c76987da96105acde207479a6f0282b6851055918a37521b9f6d4                          │
│  │ Sender: 0x07290ebb29600212453e0aabd3874c1c974f725ea33a9152340b38569e8ed59b                            │
│  │ Owner: Shared( 659453522 )                                                                            │
│  │ ObjectType: 0xc94d6d2b8f439ade046beb8653d486d8933ebf182a9d89671211a5488e938fbf::lock::LockData        │
│  │ Version: 659453522                                                                                    │
│  │ Digest: AdvEcK31S3iZuEs3dEAZXC7UqqATKPP3TzFAXrYZg1jp                                                  │
│  └──                                                                                                     │
│  ┌──                                                                                                     │
│  │ ObjectID: 0x5085901e1d170ca227927cd391d89ee16a7b3d0ffa5ab4343f0522fdd32ea717                          │
│  │ Sender: 0x07290ebb29600212453e0aabd3874c1c974f725ea33a9152340b38569e8ed59b                            │
│  │ Owner: Account Address ( 0x07290ebb29600212453e0aabd3874c1c974f725ea33a9152340b38569e8ed59b )         │
│  │ ObjectType: 0x2::package::UpgradeCap                                                                  │
│  │ Version: 659453522                                                                                    │
│  │ Digest: DPGzZEjdonSJ6tvCpcoWS5CYCAzmyiQ2swthhmqBYH5x                                                  │
│  └──                                                                                                     │
│  ┌──                                                                                                     │
│  │ ObjectID: 0xdc8e19e13b9b9a4cee05e075db3c3f76afbe177118f35d396c6e78f821939816                          │
│  │ Sender: 0x07290ebb29600212453e0aabd3874c1c974f725ea33a9152340b38569e8ed59b                            │
│  │ Owner: Shared( 659453522 )                                                                            │
│  │ ObjectType: 0xc94d6d2b8f439ade046beb8653d486d8933ebf182a9d89671211a5488e938fbf::market::Marketplace   │
│  │ Version: 659453522                                                                                    │
│  │ Digest: 4gVH5CPijuG8yWjWf9wFXeWMLNYKQpayH83ajnDLX6Ht                                                  │
│  └──                                                                                                     │
│  ┌──                                                                                                     │
│  │ ObjectID: 0xff07832e8feb6a4b586e739c45e817c5a2ec24f2f43c761213ff3f38e4666c44                          │
│  │ Sender: 0x07290ebb29600212453e0aabd3874c1c974f725ea33a9152340b38569e8ed59b                            │
│  │ Owner: Shared( 659453522 )                                                                            │
│  │ ObjectType: 0xc94d6d2b8f439ade046beb8653d486d8933ebf182a9d89671211a5488e938fbf::market::MarketConfig  │
│  │ Version: 659453522                                                                                    │
│  │ Digest: Gs1pcdVVdkV9K6tpoK5WmLpqwrUoEJ6ccoBkJqpCaNtB                                                  │
│  └──                                                                                                     │
│ Mutated Objects:                                                                                         │
│  ┌──                                                                                                     │
│  │ ObjectID: 0xbf02f69549f43c0e73f0c9884a6a78791df189343105e675ed16fff24fafcd01                          │
│  │ Sender: 0x07290ebb29600212453e0aabd3874c1c974f725ea33a9152340b38569e8ed59b                            │
│  │ Owner: Account Address ( 0x07290ebb29600212453e0aabd3874c1c974f725ea33a9152340b38569e8ed59b )         │
│  │ ObjectType: 0x2::coin::Coin<0x2::sui::SUI>                                                            │
│  │ Version: 659453522                                                                                    │
│  │ Digest: Ai3Tx3dpEHcBXkjmc6ebfQzNkj1goi9wiD2xr84yYTYp                                                  │
│  └──                                                                                                     │
│ Published Objects:                                                                                       │
│  ┌──                                                                                                     │
│  │ PackageID: 0xc94d6d2b8f439ade046beb8653d486d8933ebf182a9d89671211a5488e938fbf                         │
│  │ Version: 1                                                                                            │
│  │ Digest: F1f7CEWMbTCGVoFrFcVMUmrTZixPFiiZjUWHxqi1qzyJ                                                  │
│  │ Modules: lock, market                                                                                 │
│  └──                                                                                                     │
╰──────────────────────────────────────────────────────────────────────────────────────────────────────────╯
